<?xml version="1.0" encoding="UTF-8"?>
<!-- Generated by org.testng.reporters.JUnitReportReporter -->
<testsuite skipped="0" hostname="sauravp-w03" name="com.qa.tests.TestTrigger" tests="1" failures="0" timestamp="2020-02-17T12:59:33 EST" time="0.014" errors="0">
  <testcase name="display" time="0.014" classname="com.qa.tests.TestTrigger"/>
</testsuite> <!-- com.qa.tests.TestTrigger -->
