<?xml version="1.0" encoding="UTF-8"?>
<!-- Generated by org.testng.reporters.JUnitReportReporter -->
<testsuite skipped="0" hostname="sauravp-w03" name="com.qa.tests.DemoLaunchBrowser" tests="1" failures="0" timestamp="2020-02-16T01:52:49 EST" time="6.420" errors="0">
  <testcase name="fun" time="6.420" classname="com.qa.tests.DemoLaunchBrowser"/>
</testsuite> <!-- com.qa.tests.DemoLaunchBrowser -->
