<?xml version="1.0" encoding="UTF-8"?>
<!-- Generated by org.testng.reporters.JUnitReportReporter -->
<testsuite skipped="0" hostname="sauravp-w03" name="com.qa.tests.DemoTest" tests="4" failures="0" timestamp="2020-02-16T19:46:28 EST" time="0.015" errors="0">
  <testcase name="sum" time="0.001" classname="com.qa.tests.DemoTest"/>
  <testcase name="sub" time="0.001" classname="com.qa.tests.DemoTest"/>
  <testcase name="div" time="0.012" classname="com.qa.tests.DemoTest"/>
  <testcase name="mul" time="0.001" classname="com.qa.tests.DemoTest"/>
</testsuite> <!-- com.qa.tests.DemoTest -->
