<?xml version="1.0" encoding="UTF-8"?>
<!-- Generated by org.testng.reporters.JUnitReportReporter -->
<testsuite hostname="sauravp-w03" name="com.qa.tests.DemoTest" tests="4" failures="0" timestamp="16 Feb 2020 06:09:04 GMT" time="0.024" errors="0">
  <testcase name="div" time="0.024" classname="com.qa.tests.DemoTest"/>
  <testcase name="mul" time="0.000" classname="com.qa.tests.DemoTest"/>
  <testcase name="sum" time="0.000" classname="com.qa.tests.DemoTest"/>
  <testcase name="sub" time="0.000" classname="com.qa.tests.DemoTest"/>
</testsuite> <!-- com.qa.tests.DemoTest -->
